Arguments: 
  C:\Program Files\nodejs\node.exe C:\Program Files (x86)\Yarn\bin\yarn.js add knex:migrate

PATH: 
  C:\ProgramData\Oracle\Java\javapath;C:\Program Files (x86)\Common Files\Oracle\Java\javapath;C:\Windows\system32;C:\Windows;C:\Windows\System32\Wbem;C:\Windows\System32\WindowsPowerShell\v1.0\;C:\Windows\System32\OpenSSH\;C:\Program Files\Microsoft SQL Server\Client SDK\ODBC\130\Tools\Binn\;C:\Program Files (x86)\Microsoft SQL Server\140\Tools\Binn\;C:\Program Files\Microsoft SQL Server\140\Tools\Binn\;C:\Program Files\Microsoft SQL Server\140\DTS\Binn\;C:\Program Files (x86)\Microsoft SQL Server\150\DTS\Binn\;C:\php7;C:\ProgramData\ComposerSetup\bin;C:\ProgramData\chocolatey\bin;C:\Program Files\Java\jdk1.8.0_211\bin;C:\Program Files (x86)\Yarn\bin\;C:\Program Files\dotnet\;C:\Program Files\nodejs\;C:\Users\suporte.value.DESKTOP-NA45KMA\AppData\Local\Programs\Python\Python37\Scripts\;C:\Users\suporte.value.DESKTOP-NA45KMA\AppData\Local\Programs\Python\Python37\;C:\Users\suporte.value.DESKTOP-NA45KMA\AppData\Local\Microsoft\WindowsApps;C:\Users\suporte.value.DESKTOP-NA45KMA\AppData\Local\Programs\Git\cmd;C:\Users\suporte.value.DESKTOP-NA45KMA\AppData\Roaming\Composer\vendor\bin;C:\Users\suporte.value.DESKTOP-NA45KMA\AppData\Local\Programs\Microsoft VS Code\bin;C:\Users\suporte.value.DESKTOP-NA45KMA\AppData\Local\Android\Sdk\platform-tools;C:\Users\suporte.value.DESKTOP-NA45KMA\AppData\Local\Yarn\bin;C:\flutter\bin;C:\Program Files\JetBrains\PyCharm 2019.3.4\bin;;C:\Users\suporte.value.DESKTOP-NA45KMA\AppData\Local\Google\Cloud SDK\google-cloud-sdk\bin;C:\gradle\bin;C:\Users\suporte.value.DESKTOP-NA45KMA\AppData\Roaming\npm

Yarn version: 
  1.22.4

Node version: 
  12.17.0

Platform: 
  win32 x64

Trace: 
  Error: knex:migrate: Invalid protocol: knex:
      at Request.module.exports.Request.init (C:\Program Files (x86)\Yarn\lib\cli.js:141017:31)
      at new Request (C:\Program Files (x86)\Yarn\lib\cli.js:140690:8)
      at request (C:\Program Files (x86)\Yarn\lib\cli.js:137596:10)
      at RequestManager.execute (C:\Program Files (x86)\Yarn\lib\cli.js:66148:15)
      at RequestManager.shiftQueue (C:\Program Files (x86)\Yarn\lib\cli.js:66186:10)
      at C:\Program Files (x86)\Yarn\lib\cli.js:65855:13
      at new Promise (<anonymous>)
      at new F (C:\Program Files (x86)\Yarn\lib\cli.js:5301:28)
      at RequestManager.request (C:\Program Files (x86)\Yarn\lib\cli.js:65853:19)
      at NpmRegistry.<anonymous> (C:\Program Files (x86)\Yarn\lib\cli.js:31704:42)

npm manifest: 
  {
    "name": "server",
    "version": "1.0.0",
    "description": "",
    "main": "index.js",
    "scripts": {
      "dev": "ts-node-dev --transpileOnly  --ignore-watch node_modules src/server.ts",
      "knex:seed": "knex  --knexfile knexfile.ts seed:run",
      "knex:migrate": "knex  --knexfile knexfile.ts migrate:latest"
    },
    "author": "matheus lucas",
    "license": "ISC",
    "dependencies": {
      "cors": "^2.8.5",
      "express": "^4.17.1",
      "knex": "^0.21.1",
      "sqlite3": "^4.2.0",
      "typescript": "^3.9.3"
    },
    "devDependencies": {
      "@types/cors": "^2.8.6",
      "@types/express": "^4.17.6",
      "ts-node": "^8.10.2",
      "ts-node-dev": "^1.0.0-pre.44"
    }
  }

yarn manifest: 
  No manifest

Lockfile: 
  No lockfile
